<?xml version="1.0" encoding="UTF-8"?>
<!-- Generated by org.testng.reporters.JUnitXMLReporter -->
<testsuite hostname="kmohd-lp" ignored="0" name="FireFox Test" tests="2" failures="1" timestamp="21 Dec 2018 06:49:06 GMT" time="15.011" errors="0">
  <testcase name="@AfterClass afterClass" time="0.0" classname="extentreports.Test1">
    <failure type="java.lang.NullPointerException">
      <![CDATA[java.lang.NullPointerException
at extentreports.Test1.afterClass(Test1.java:80)
... Removed 26 stack frames]]>
    </failure>
  </testcase> <!-- @AfterClass afterClass -->
  <testcase name="test1_validLoginTest" time="0.008" classname="extentreports.Test1">
    <failure type="java.lang.NullPointerException">
      <![CDATA[java.lang.NullPointerException
at extentreports.Test1.test1_validLoginTest(Test1.java:45)
... Removed 25 stack frames]]>
    </failure>
  </testcase> <!-- test1_validLoginTest -->
  <testcase name="testMethod" time="0.004" classname="extentreports.Test2"/>
</testsuite> <!-- FireFox Test -->
