<?xml version="1.0" encoding="UTF-8"?>
<!-- Generated by org.testng.reporters.JUnitXMLReporter -->
<testsuite hostname="kmohd-lp" ignored="0" name="Default test" tests="5" failures="0" timestamp="17 Jan 2019 09:29:10 GMT" time="0.042" errors="0">
  <testcase name="Car1" time="0.013" classname="annotationDependencyandGroups.Groupings"/>
  <testcase name="Car2" time="0.002" classname="annotationDependencyandGroups.Groupings"/>
  <testcase name="Scooter1" time="0.001" classname="annotationDependencyandGroups.Groupings"/>
  <testcase name="Scooter2" time="0.002" classname="annotationDependencyandGroups.Groupings"/>
  <testcase name="Sedan1" time="0.002" classname="annotationDependencyandGroups.Groupings"/>
</testsuite> <!-- Default test -->
