<?xml version="1.0" encoding="UTF-8"?>
<testng-results skipped="0" failed="0" ignored="0" total="5" passed="5">
  <reporter-output>
  </reporter-output>
  <suite name="Default suite" duration-ms="42" started-at="2019-01-17T09:29:10Z" finished-at="2019-01-17T09:29:10Z">
    <groups>
      <group name="Scooter">
        <method signature="Groupings.Scooter1()[pri:0, instance:annotationDependencyandGroups.Groupings@25af5db5]" name="Scooter1" class="annotationDependencyandGroups.Groupings"/>
        <method signature="Groupings.Scooter2()[pri:0, instance:annotationDependencyandGroups.Groupings@25af5db5]" name="Scooter2" class="annotationDependencyandGroups.Groupings"/>
      </group> <!-- Scooter -->
      <group name="Car">
        <method signature="Groupings.Car1()[pri:0, instance:annotationDependencyandGroups.Groupings@25af5db5]" name="Car1" class="annotationDependencyandGroups.Groupings"/>
        <method signature="Groupings.Car2()[pri:0, instance:annotationDependencyandGroups.Groupings@25af5db5]" name="Car2" class="annotationDependencyandGroups.Groupings"/>
        <method signature="Groupings.Sedan1()[pri:0, instance:annotationDependencyandGroups.Groupings@25af5db5]" name="Sedan1" class="annotationDependencyandGroups.Groupings"/>
      </group> <!-- Car -->
      <group name="Sedan Car">
        <method signature="Groupings.Sedan1()[pri:0, instance:annotationDependencyandGroups.Groupings@25af5db5]" name="Sedan1" class="annotationDependencyandGroups.Groupings"/>
      </group> <!-- Sedan Car -->
    </groups>
    <test name="Default test" duration-ms="42" started-at="2019-01-17T09:29:10Z" finished-at="2019-01-17T09:29:10Z">
      <class name="annotationDependencyandGroups.Groupings">
        <test-method status="PASS" signature="Car1()[pri:0, instance:annotationDependencyandGroups.Groupings@25af5db5]" name="Car1" duration-ms="13" started-at="2019-01-17T09:29:10Z" finished-at="2019-01-17T09:29:10Z">
          <reporter-output>
          </reporter-output>
        </test-method> <!-- Car1 -->
        <test-method status="PASS" signature="Car2()[pri:0, instance:annotationDependencyandGroups.Groupings@25af5db5]" name="Car2" duration-ms="2" started-at="2019-01-17T09:29:10Z" finished-at="2019-01-17T09:29:10Z">
          <reporter-output>
          </reporter-output>
        </test-method> <!-- Car2 -->
        <test-method status="PASS" signature="Scooter1()[pri:0, instance:annotationDependencyandGroups.Groupings@25af5db5]" name="Scooter1" duration-ms="1" started-at="2019-01-17T09:29:10Z" finished-at="2019-01-17T09:29:10Z">
          <reporter-output>
          </reporter-output>
        </test-method> <!-- Scooter1 -->
        <test-method status="PASS" signature="Scooter2()[pri:0, instance:annotationDependencyandGroups.Groupings@25af5db5]" name="Scooter2" duration-ms="2" started-at="2019-01-17T09:29:10Z" finished-at="2019-01-17T09:29:10Z">
          <reporter-output>
          </reporter-output>
        </test-method> <!-- Scooter2 -->
        <test-method status="PASS" signature="Sedan1()[pri:0, instance:annotationDependencyandGroups.Groupings@25af5db5]" name="Sedan1" duration-ms="2" started-at="2019-01-17T09:29:10Z" finished-at="2019-01-17T09:29:10Z">
          <reporter-output>
          </reporter-output>
        </test-method> <!-- Sedan1 -->
      </class> <!-- annotationDependencyandGroups.Groupings -->
    </test> <!-- Default test -->
  </suite> <!-- Default suite -->
</testng-results>
