<?xml version="1.0" encoding="UTF-8"?>
<!-- Generated by org.testng.reporters.JUnitXMLReporter -->
<testsuite hostname="kmohd-lp" ignored="0" name="Practice Grouping" tests="5" failures="0" timestamp="13 Dec 2018 07:40:34 GMT" time="0.034" errors="0">
  <testcase name="Car1" time="0.008" classname="annotationDependencyandGroups.Groupings"/>
  <testcase name="Car2" time="0.001" classname="annotationDependencyandGroups.Groupings"/>
  <testcase name="Scooter1" time="0.001" classname="annotationDependencyandGroups.Groupings"/>
  <testcase name="Scooter2" time="0.001" classname="annotationDependencyandGroups.Groupings"/>
  <testcase name="Sedan1" time="0.001" classname="annotationDependencyandGroups.Groupings"/>
</testsuite> <!-- Practice Grouping -->
