<?xml version="1.0" encoding="UTF-8"?>
<!-- Generated by org.testng.reporters.JUnitXMLReporter -->
<testsuite hostname="kmohd-lp" ignored="0" name="Application_test" tests="3" failures="1" timestamp="20 Dec 2018 10:11:00 GMT" time="0.043" errors="0">
  <testcase name="testMethod2" time="0.007" classname="testNGandReporter.TestNG_ReportsANDLogs">
    <failure type="java.lang.AssertionError" message="expected [true] but found [false]">
      <![CDATA[java.lang.AssertionError: expected [true] but found [false]
at testNGandReporter.TestNG_ReportsANDLogs.testMethod2(TestNG_ReportsANDLogs.java:39)
... Removed 29 stack frames]]>
    </failure>
  </testcase> <!-- testMethod2 -->
  <testcase name="testMethod1" time="0.002" classname="testNGandReporter.TestNG_ReportsANDLogs"/>
  <testcase name="testMethod3" time="0.0" classname="testNGandReporter.TestNG_ReportsANDLogs">
    <skipped/>
  </testcase> <!-- testMethod3 -->
</testsuite> <!-- Application_test -->
